pvel@scarlet-001:~/workspace/mifos-myfork$ gcloud init
Welcome! This command will take you through the configuration of gcloud.

Settings from your current configuration [default] are:
Your active configuration is: [default]

[compute]
region = asia-east1
zone = asia-east1-b
[core]
account = vijaykiran6580@gmail.com
disable_usage_reporting = False
project = firm-dimension-142315

Pick configuration to use:
 [1] Re-initialize this configuration [default] with new settings 
 [2] Create a new configuration
Please enter your numeric choice:  2

Enter configuration name. Names start with a lower case letter and 
contain only lower case letters a-z, digits 0-9, and hyphens '-':  dhuruva
Your current configuration has been set to: [dhuruva]

You can skip diagnostics next time by using the following flag:
  gcloud init --skip-diagnostics

Network diagnostic detects and fixes local network connection issues.
Checking network connection...done.                                                                                                                                 
Reachability Check passed.
Network diagnostic (1/1 checks) passed.

Choose the account you would like use to perform operations for this 
configuration:
 [1] vijaykiran6580@gmail.com
 [2] Log in with a new account
Please enter your numeric choice:  2

Your browser has been opened to visit:

    https://accounts.google.com/o/oauth2/auth?redirect_uri=http%3A%2F%2Flocalhost%3A8085%2F&prompt=select_account&response_type=code&client_id=32555940559.apps.googleusercontent.com&scope=https%3A%2F%2Fwww.googleapis.com%2Fauth%2Fuserinfo.email+https%3A%2F%2Fwww.googleapis.com%2Fauth%2Fcloud-platform+https%3A%2F%2Fwww.googleapis.com%2Fauth%2Fappengine.admin+https%3A%2F%2Fwww.googleapis.com%2Fauth%2Fcompute+https%3A%2F%2Fwww.googleapis.com%2Fauth%2Faccounts.reauth&access_type=offline


Created new window in existing browser session.
You are logged in as: [lasalle.su@gmail.com].

Your current project has been set to: [certain-gearbox-161011].

Your project default Compute Engine zone has been set to [asia-east1-a].
You can change it by running [gcloud config set compute/zone NAME].

Your project default Compute Engine region has been set to [asia-east1].
You can change it by running [gcloud config set compute/region NAME].

Your Google Cloud SDK is configured and ready to use!

* Commands that require authentication will use lasalle.su@gmail.com by default
* Commands will reference project `certain-gearbox-161011` by default
* Compute Engine commands will use region `asia-east1` by default
* Compute Engine commands will use zone `asia-east1-a` by default

Run `gcloud help config` to learn how to change individual settings

This gcloud configuration is called [dhuruva]. You can create additional configurations if you work with multiple accounts and/or projects.
Run `gcloud topic configurations` to learn more.

Some things to try next:

* Run `gcloud --help` to see the Cloud Platform services you can interact with. And run `gcloud help COMMAND` to get help on any gcloud command.
* Run `gcloud topic -h` to learn about advanced features of the SDK like arg files and output formatting
jpvel@scarlet-001:~/workspace/mifos-myfork$ 
